<?xml version="1.0" encoding="UTF-8"?>
<!-- Generated by org.testng.reporters.JUnitReportReporter -->
<testsuite skipped="0" hostname="MacBook-Pro-2.local" name="com.Vytrack.testscripts.UserStory1AC4" tests="1" failures="0" timestamp="2021-03-10T18:41:30 EST" time="21.222" errors="0">
  <testcase name="testGridReset" time="21.222" classname="com.Vytrack.testscripts.UserStory1AC4"/>
  <system-out/>
</testsuite> <!-- com.Vytrack.testscripts.UserStory1AC4 -->
