<?xml version="1.0" encoding="UTF-8"?>
<!-- Generated by org.testng.reporters.JUnitReportReporter -->
<testsuite skipped="0" hostname="MacBook-Pro-2.local" name="com.Vytrack.testscripts.testingTable" tests="3" failures="0" timestamp="2021-03-10T18:41:30 EST" time="9.841" errors="0">
  <testcase name="test" time="4.460" classname="com.Vytrack.testscripts.testingTable"/>
  <system-out/>
  <testcase name="test" time="2.982" classname="com.Vytrack.testscripts.testingTable"/>
  <system-out/>
  <testcase name="test" time="2.399" classname="com.Vytrack.testscripts.testingTable"/>
  <system-out/>
</testsuite> <!-- com.Vytrack.testscripts.testingTable -->
