<?xml version="1.0" encoding="UTF-8"?>
<!-- Generated by org.testng.reporters.JUnitReportReporter -->
<testsuite skipped="0" hostname="MacBook-Pro-2.local" name="com.Vytrack.testscripts.testCase2" tests="1" failures="0" timestamp="2021-03-09T17:42:20 EST" time="32.538" errors="0">
  <testcase name="vehicleCostPage" time="32.538" classname="com.Vytrack.testscripts.testCase2"/>
  <system-out/>
</testsuite> <!-- com.Vytrack.testscripts.testCase2 -->
