<?xml version="1.0" encoding="UTF-8"?>
<!-- Generated by org.testng.reporters.JUnitReportReporter -->
<testsuite hostname="MacBook-Pro-2.local" failures="0" tests="1" name="com.Vytrack.testscripts.testCase1" time="33.905" errors="0" timestamp="2021-03-13T15:25:44 EST" skipped="0">
  <testcase classname="com.Vytrack.testscripts.testCase1" name="testVehiclePageInfo" time="33.905"/>
  <system-out/>
</testsuite> <!-- com.Vytrack.testscripts.testCase1 -->
