<?xml version="1.0" encoding="UTF-8"?>
<!-- Generated by org.testng.reporters.JUnitReportReporter -->
<testsuite hostname="MacBook-Pro-2.local" failures="0" tests="3" name="com.Vytrack.testscripts.testingTable" time="10.189" errors="0" timestamp="2021-03-13T15:25:44 EST" skipped="0">
  <testcase classname="com.Vytrack.testscripts.testingTable" name="test" time="2.556"/>
  <system-out/>
  <testcase classname="com.Vytrack.testscripts.testingTable" name="test" time="4.689"/>
  <system-out/>
  <testcase classname="com.Vytrack.testscripts.testingTable" name="test" time="2.944"/>
  <system-out/>
</testsuite> <!-- com.Vytrack.testscripts.testingTable -->
