<?xml version="1.0" encoding="UTF-8"?>
<!-- Generated by org.testng.reporters.JUnitReportReporter -->
<testsuite hostname="MacBook-Pro-2.local" failures="0" tests="3" name="com.Vytrack.testscripts.testingTable" time="8.453" errors="0" timestamp="2021-03-12T23:24:33 EST" skipped="0">
  <testcase classname="com.Vytrack.testscripts.testingTable" name="test" time="2.831"/>
  <system-out/>
  <testcase classname="com.Vytrack.testscripts.testingTable" name="test" time="1.823"/>
  <system-out/>
  <testcase classname="com.Vytrack.testscripts.testingTable" name="test" time="3.799"/>
  <system-out/>
</testsuite> <!-- com.Vytrack.testscripts.testingTable -->
