<?xml version="1.0" encoding="UTF-8"?>
<!-- Generated by org.testng.reporters.JUnitReportReporter -->
<testsuite skipped="0" hostname="MacBook-Pro-2.local" name="com.Vytrack.testscripts.testingTable" tests="3" failures="0" timestamp="2021-03-09T17:42:20 EST" time="16.851" errors="0">
  <testcase name="test" time="3.720" classname="com.Vytrack.testscripts.testingTable"/>
  <system-out/>
  <testcase name="test" time="10.306" classname="com.Vytrack.testscripts.testingTable"/>
  <system-out/>
  <testcase name="test" time="2.825" classname="com.Vytrack.testscripts.testingTable"/>
  <system-out/>
</testsuite> <!-- com.Vytrack.testscripts.testingTable -->
