<?xml version="1.0" encoding="UTF-8"?>
<!-- Generated by org.testng.reporters.JUnitReportReporter -->
<testsuite skipped="0" hostname="MacBook-Pro-2.local" name="com.Vytrack.testscripts.testCase1" tests="1" failures="0" timestamp="2021-03-10T18:24:21 EST" time="34.025" errors="0">
  <testcase name="testVehiclePageInfo" time="34.025" classname="com.Vytrack.testscripts.testCase1"/>
  <system-out/>
</testsuite> <!-- com.Vytrack.testscripts.testCase1 -->
